Flat profile:

Each sample counts as 0.01 seconds.
  %   cumulative   self              self     total           
 time   seconds   seconds    calls  ms/call  ms/call  name    
 80.00      0.04     0.04     9999     0.00     0.01  partition
 20.00      0.05     0.01 25004999     0.00     0.00  swap
  0.00      0.05     0.00        2     0.00     0.00  printArray
  0.00      0.05     0.00        1     0.00    50.00  quickSort

			Call graph


granularity: each sample hit covers 4 byte(s) for 20.00% of 0.05 seconds

index % time    self  children    called     name
                0.04    0.01    9999/9999        quickSort [2]
[1]    100.0    0.04    0.01    9999         partition [1]
                0.01    0.00 25004999/25004999     swap [4]
-----------------------------------------------
                               19998             quickSort [2]
                0.00    0.05       1/1           main [3]
[2]    100.0    0.00    0.05       1+19998   quickSort [2]
                0.04    0.01    9999/9999        partition [1]
                               19998             quickSort [2]
-----------------------------------------------
                                                 <spontaneous>
[3]    100.0    0.00    0.05                 main [3]
                0.00    0.05       1/1           quickSort [2]
                0.00    0.00       2/2           printArray [5]
-----------------------------------------------
                0.01    0.00 25004999/25004999     partition [1]
[4]     20.0    0.01    0.00 25004999         swap [4]
-----------------------------------------------
                0.00    0.00       2/2           main [3]
[5]      0.0    0.00    0.00       2         printArray [5]
-----------------------------------------------

Index by function name

   [1] partition               [2] quickSort
   [5] printArray              [4] swap
